Watching for file changes with StatReloader
Not Found: /
[18/Oct/2020 12:32:18] "GET / HTTP/1.1" 404 2030
[18/Oct/2020 12:32:26] "GET /index/ HTTP/1.1" 200 35508
[18/Oct/2020 12:32:26] "GET /dash/static/css/ionicons.min.css HTTP/1.1" 200 46816
[18/Oct/2020 12:32:26] "GET /dash/static/css/animate.css HTTP/1.1" 200 73641
[18/Oct/2020 12:32:27] "GET /dash/static/css/open-iconic-bootstrap.min.css HTTP/1.1" 304 0
[18/Oct/2020 12:32:27] "GET /dash/static/css/bootstrap-datepicker.css HTTP/1.1" 304 0
[18/Oct/2020 12:32:27] "GET /dash/static/css/owl.carousel.min.css HTTP/1.1" 304 0
[18/Oct/2020 12:32:27] "GET /dash/static/css/icomoon.css HTTP/1.1" 200 79875
[18/Oct/2020 12:32:27] "GET /dash/static/css/jquery.timepicker.css HTTP/1.1" 304 0
[18/Oct/2020 12:32:27] "GET /dash/static/css/flaticon.css HTTP/1.1" 304 0
[18/Oct/2020 12:32:27] "GET /dash/static/css/owl.theme.default.min.css HTTP/1.1" 304 0
[18/Oct/2020 12:32:27] "GET /dash/static/css/magnific-popup.css HTTP/1.1" 304 0
[18/Oct/2020 12:32:27] "GET /dash/static/js/bootstrap.min.js HTTP/1.1" 200 50676
[18/Oct/2020 12:32:27] "GET /dash/static/js/owl.carousel.min.js HTTP/1.1" 200 43237
[18/Oct/2020 12:32:27] "GET /dash/static/js/jquery.min.js HTTP/1.1" 200 268038
[18/Oct/2020 12:32:27] "GET /dash/static/js/jquery-migrate-3.0.1.min.js HTTP/1.1" 304 0
Not Found: /index/{% static 'js/google-map.js' %
[18/Oct/2020 12:32:27] "GET /dash/static/js/bootstrap-datepicker.js HTTP/1.1" 200 46820
[18/Oct/2020 12:32:27] "GET /index/%7B%%20static%20'js/google-map.js'%20% HTTP/1.1" 404 2784
[18/Oct/2020 12:32:27] "GET /dash/static/js/popper.min.js HTTP/1.1" 304 0
[18/Oct/2020 12:32:27] "GET /dash/static/js/jquery.easing.1.3.js HTTP/1.1" 304 0
[18/Oct/2020 12:32:27] "GET /dash/static/css/style.css HTTP/1.1" 200 257293
[18/Oct/2020 12:32:27] "GET /dash/static/js/jquery.stellar.min.js HTTP/1.1" 304 0
[18/Oct/2020 12:32:27] "GET /dash/static/js/jquery.waypoints.min.js HTTP/1.1" 304 0
[18/Oct/2020 12:32:27] "GET /dash/static/js/jquery.timepicker.min.js HTTP/1.1" 304 0
[18/Oct/2020 12:32:27] "GET /dash/static/js/jquery.magnific-popup.min.js HTTP/1.1" 304 0
[18/Oct/2020 12:32:27] "GET /dash/static/js/aos.js HTTP/1.1" 304 0
[18/Oct/2020 12:32:27] "GET /dash/static/js/scrollax.min.js HTTP/1.1" 304 0
[18/Oct/2020 12:32:27] "GET /dash/static/js/jquery.animateNumber.min.js HTTP/1.1" 304 0
[18/Oct/2020 12:32:27] "GET /dash/static/js/main.js HTTP/1.1" 304 0
Not Found: /index/images/bg_3.jpg
[18/Oct/2020 12:32:27] "GET /index/images/bg_3.jpg HTTP/1.1" 404 2697
Not Found: /index/images/doctor-1.jpg
Not Found: /index/images/doctor-2.jpg
[18/Oct/2020 12:32:27] "GET /index/images/doctor-2.jpg HTTP/1.1" 404 2709
Not Found: /index/images/doctor-3.jpg
Not Found: /index/images/bg_1.jpg
[18/Oct/2020 12:32:27] "GET /index/images/bg_1.jpg HTTP/1.1" 404 2697
Not Found: /index/images/doctor-4.jpg
[18/Oct/2020 12:32:27] "GET /index/images/doctor-1.jpg HTTP/1.1" 404 2709
[18/Oct/2020 12:32:27] "GET /index/images/doctor-3.jpg HTTP/1.1" 404 2709
[18/Oct/2020 12:32:27] "GET /index/images/doctor-4.jpg HTTP/1.1" 404 2709
Not Found: /index/images/bg_5.jpg
[18/Oct/2020 12:32:27] "GET /index/images/bg_5.jpg HTTP/1.1" 404 2697
[18/Oct/2020 12:32:27] "GET /dash/static/fonts/flaticon/font/Flaticon.woff HTTP/1.1" 404 1735
[18/Oct/2020 12:32:27] "GET /dash/static/fonts/icomoon/icomoon.ttf?6tt51o HTTP/1.1" 404 1718
[18/Oct/2020 12:32:27] "GET /dash/static/fonts/ionicons/fonts/ionicons.woff2?v=4.0.0-19 HTTP/1.1" 404 1752
Not Found: /index/{% static 'js/google-map.js' %
[18/Oct/2020 12:32:27] "GET /index/%7B%%20static%20'js/google-map.js'%20% HTTP/1.1" 404 2784
Not Found: /index/images/person_1.jpg
Not Found: /index/images/person_2.jpg
Not Found: /index/images/person_3.jpg
[18/Oct/2020 12:32:27] "GET /index/images/person_3.jpg HTTP/1.1" 404 2709
[18/Oct/2020 12:32:27] "GET /index/images/person_2.jpg HTTP/1.1" 404 2709
[18/Oct/2020 12:32:27] "GET /index/images/person_1.jpg HTTP/1.1" 404 2709
[18/Oct/2020 12:32:27] "GET /dash/static/fonts/flaticon/font/Flaticon.ttf HTTP/1.1" 404 1732
[18/Oct/2020 12:32:27] "GET /dash/static/fonts/ionicons/fonts/ionicons.woff?v=4.0.0-19 HTTP/1.1" 404 1749
[18/Oct/2020 12:32:27] "GET /dash/static/fonts/icomoon/icomoon.woff?6tt51o HTTP/1.1" 404 1721
[18/Oct/2020 12:32:27] "GET /dash/static/fonts/ionicons/fonts/ionicons.ttf?v=4.0.0-19 HTTP/1.1" 404 1746
